<?xml version="1.0" encoding="UTF-8"?>
<testng-results ignored="0" total="1" passed="0" failed="1" skipped="0">
  <reporter-output>
  </reporter-output>
  <suite started-at="2024-02-29T18:59:24 EET" name="Suite" finished-at="2024-02-29T18:59:39 EET" duration-ms="15461">
    <groups>
    </groups>
    <test started-at="2024-02-29T18:59:24 EET" name="Test" finished-at="2024-02-29T18:59:39 EET" duration-ms="15461">
      <class name="smokeTests.magentoWebsiteFunctionality">
        <test-method is-config="true" signature="myInitData()[pri:0, instance:smokeTests.magentoWebsiteFunctionality@73ee04c8]" started-at="2024-02-29T18:59:14 EET" name="myInitData" finished-at="2024-02-29T18:59:24 EET" duration-ms="9295" status="PASS">
          <reporter-output>
          </reporter-output>
        </test-method> <!-- myInitData -->
        <test-method signature="myWebsiteTest()[pri:0, instance:smokeTests.magentoWebsiteFunctionality@73ee04c8]" started-at="2024-02-29T18:59:24 EET" name="myWebsiteTest" description="Testing Magento Website" finished-at="2024-02-29T18:59:39 EET" duration-ms="15168" status="FAIL">
          <exception class="java.lang.AssertionError">
            <message>
              <![CDATA[expected [Click “Write for us” link in the footer to submit a guest postt] but found [Click “Write for us” link in the footer to submit a guest post]]]>
            </message>
            <full-stacktrace>
              <![CDATA[java.lang.AssertionError: expected [Click “Write for us” link in the footer to submit a guest postt] but found [Click “Write for us” link in the footer to submit a guest post]
at org.testng.Assert.fail(Assert.java:99)
at org.testng.Assert.failNotEquals(Assert.java:1037)
at org.testng.Assert.assertEqualsImpl(Assert.java:140)
at org.testng.Assert.assertEquals(Assert.java:122)
at org.testng.Assert.assertEquals(Assert.java:629)
at org.testng.Assert.assertEquals(Assert.java:639)
at pageObjects.Assertions.checkHeaderIsContains(Assertions.java:14)
at smokeTests.magentoWebsiteFunctionality.myWebsiteTest(magentoWebsiteFunctionality.java:49)
at java.base/jdk.internal.reflect.DirectMethodHandleAccessor.invoke(DirectMethodHandleAccessor.java:103)
at java.base/java.lang.reflect.Method.invoke(Method.java:580)
at org.testng.internal.MethodInvocationHelper.invokeMethod(MethodInvocationHelper.java:133)
at org.testng.internal.TestInvoker.invokeMethod(TestInvoker.java:598)
at org.testng.internal.TestInvoker.invokeTestMethod(TestInvoker.java:173)
at org.testng.internal.MethodRunner.runInSequence(MethodRunner.java:46)
at org.testng.internal.TestInvoker$MethodInvocationAgent.invoke(TestInvoker.java:824)
at org.testng.internal.TestInvoker.invokeTestMethods(TestInvoker.java:146)
at org.testng.internal.TestMethodWorker.invokeTestMethods(TestMethodWorker.java:146)
at org.testng.internal.TestMethodWorker.run(TestMethodWorker.java:128)
at java.base/java.util.ArrayList.forEach(ArrayList.java:1596)
at org.testng.TestRunner.privateRun(TestRunner.java:794)
at org.testng.TestRunner.run(TestRunner.java:596)
at org.testng.SuiteRunner.runTest(SuiteRunner.java:377)
at org.testng.SuiteRunner.runSequentially(SuiteRunner.java:371)
at org.testng.SuiteRunner.privateRun(SuiteRunner.java:332)
at org.testng.SuiteRunner.run(SuiteRunner.java:276)
at org.testng.SuiteRunnerWorker.runSuite(SuiteRunnerWorker.java:53)
at org.testng.SuiteRunnerWorker.run(SuiteRunnerWorker.java:96)
at org.testng.TestNG.runSuitesSequentially(TestNG.java:1212)
at org.testng.TestNG.runSuitesLocally(TestNG.java:1134)
at org.testng.TestNG.runSuites(TestNG.java:1063)
at org.testng.TestNG.run(TestNG.java:1031)
at org.testng.remote.AbstractRemoteTestNG.run(AbstractRemoteTestNG.java:115)
at org.testng.remote.RemoteTestNG.initAndRun(RemoteTestNG.java:251)
at org.testng.remote.RemoteTestNG.main(RemoteTestNG.java:77)
]]>
            </full-stacktrace>
          </exception> <!-- java.lang.AssertionError -->
          <reporter-output>
          </reporter-output>
        </test-method> <!-- myWebsiteTest -->
        <test-method is-config="true" signature="myAfterTest()[pri:0, instance:smokeTests.magentoWebsiteFunctionality@73ee04c8]" started-at="2024-02-29T18:59:40 EET" name="myAfterTest" finished-at="2024-02-29T18:59:41 EET" duration-ms="387" status="PASS">
          <reporter-output>
          </reporter-output>
        </test-method> <!-- myAfterTest -->
      </class> <!-- smokeTests.magentoWebsiteFunctionality -->
    </test> <!-- Test -->
  </suite> <!-- Suite -->
</testng-results>
